<?xml version="1.0" encoding="UTF-8"?>
<testsuite name="org.gradle.MyTest" tests="1" skipped="0" failures="0" errors="0" timestamp="2017-04-11T11:56:57" hostname="Samsung-NB270EG5" time="0.001">
  <properties/>
  <testcase name="myTestMethod" classname="org.gradle.MyTest" time="0.001"/>
  <system-out><![CDATA[]]></system-out>
  <system-err><![CDATA[]]></system-err>
</testsuite>
